<?xml version="1.0" encoding="UTF-8"?>
<testsuite xmlns:xsi="http://www.w3.org/2001/XMLSchema-instance" xsi:noNamespaceSchemaLocation="https://maven.apache.org/surefire/maven-surefire-plugin/xsd/surefire-test-report.xsd" name="com.example.project.ExampleTests" time="0.042" tests="6" errors="0" skipped="0" failures="5">
  <properties>
[...]
</properties>
  <testcase name="Test1" classname="com.example.project.ExampleTests" time="0.014">
    <failure message="Phone turned off" type="org.opentest4j.AssertionFailedError">org.opentest4j.AssertionFailedError: Phone turned off
	at com.example.project.ExampleTests.Test1(ExampleTests.java:28)
</failure>
  </testcase>
  <testcase name="Test2" classname="com.example.project.ExampleTests" time="0">
    <failure message="Phone turned off" type="org.opentest4j.AssertionFailedError">org.opentest4j.AssertionFailedError: Phone turned off
	at com.example.project.ExampleTests.Test2(ExampleTests.java:33)
</failure>
  </testcase>
  <testcase name="Test3" classname="com.example.project.ExampleTests" time="0.001">
    <failure message="Phone turned off" type="org.opentest4j.AssertionFailedError">org.opentest4j.AssertionFailedError: Phone turned off
	at com.example.project.ExampleTests.Test3(ExampleTests.java:38)
</failure>
  </testcase>
  <testcase name="Test4[1]" classname="com.example.project.ExampleTests" time="0.001">
    <failure message="Phone turned off" type="org.opentest4j.AssertionFailedError">org.opentest4j.AssertionFailedError: Phone turned off
	at com.example.project.ExampleTests.Test4(ExampleTests.java:46)
</failure>
  </testcase>
  <testcase name="Test4[2]" classname="com.example.project.ExampleTests" time="0.001"/>
  <testcase name="Test5" classname="com.example.project.ExampleTests" time="0.001">
    <failure message="Real Defect" type="org.opentest4j.AssertionFailedError">org.opentest4j.AssertionFailedError: Real Defect
	at com.example.project.ExampleTests.Test5(ExampleTests.java:52)
</failure>
  </testcase>
</testsuite>