<?xml version="1.0" encoding="UTF-8"?>
<testsuite xmlns:xsi="http://www.w3.org/2001/XMLSchema-instance" xsi:noNamespaceSchemaLocation="https://maven.apache.org/surefire/maven-surefire-plugin/xsd/surefire-test-report.xsd" name="com.example.project.ExampleTests" time="525.435" tests="356" errors="0" skipped="0" failures="0">
  <properties>
[...]
</properties>
  <testcase name="Area1Test1" classname="com.example.project.ExampleTests" time="0.003"/>
  <testcase name="Area1Test2" classname="com.example.project.ExampleTests" time="0"/>
  <testcase name="Area1Test3" classname="com.example.project.ExampleTests" time="0"/>
  <testcase name="Area1Test4[1]" classname="com.example.project.ExampleTests" time="0"/>
  <testcase name="Area1Test4[2]" classname="com.example.project.ExampleTests" time="0"/>
  <testcase name="Area1Test5" classname="com.example.project.ExampleTests" time="0"/>
  <testcase name="Area2Test6[1]" classname="com.example.project.ExampleTests" time="1.501"/>
  <testcase name="Area2Test6[2]" classname="com.example.project.ExampleTests" time="1.501"/>
  <testcase name="Area2Test6[3]" classname="com.example.project.ExampleTests" time="1.501"/>
  <testcase name="Area2Test6[4]" classname="com.example.project.ExampleTests" time="1.501"/>
  <testcase name="Area2Test6[5]" classname="com.example.project.ExampleTests" time="1.501"/>
  <testcase name="Area2Test6[6]" classname="com.example.project.ExampleTests" time="1.5"/>
  <testcase name="Area2Test6[7]" classname="com.example.project.ExampleTests" time="1.501"/>
  <testcase name="Area2Test6[8]" classname="com.example.project.ExampleTests" time="1.5"/>
  <testcase name="Area2Test6[9]" classname="com.example.project.ExampleTests" time="1.501"/>
  <testcase name="Area2Test6[10]" classname="com.example.project.ExampleTests" time="1.5"/>
  <testcase name="Area2Test6[11]" classname="com.example.project.ExampleTests" time="1.501"/>
  <testcase name="Area2Test6[12]" classname="com.example.project.ExampleTests" time="1.501"/>
  <testcase name="Area2Test6[13]" classname="com.example.project.ExampleTests" time="1.5"/>
  <testcase name="Area2Test6[14]" classname="com.example.project.ExampleTests" time="1.501"/>
  <testcase name="Area2Test6[15]" classname="com.example.project.ExampleTests" time="1.5"/>
  <testcase name="Area2Test6[16]" classname="com.example.project.ExampleTests" time="1.501"/>
  <testcase name="Area2Test6[17]" classname="com.example.project.ExampleTests" time="1.501"/>
  <testcase name="Area2Test6[18]" classname="com.example.project.ExampleTests" time="1.5"/>
  <testcase name="Area2Test6[19]" classname="com.example.project.ExampleTests" time="1.501"/>
  <testcase name="Area2Test6[20]" classname="com.example.project.ExampleTests" time="1.5"/>
  <testcase name="Area2Test6[21]" classname="com.example.project.ExampleTests" time="1.501"/>
  <testcase name="Area2Test6[22]" classname="com.example.project.ExampleTests" time="1.501"/>
  <testcase name="Area2Test6[23]" classname="com.example.project.ExampleTests" time="1.5"/>
  <testcase name="Area2Test6[24]" classname="com.example.project.ExampleTests" time="1.501"/>
  <testcase name="Area2Test6[25]" classname="com.example.project.ExampleTests" time="1.501"/>
  <testcase name="Area2Test6[26]" classname="com.example.project.ExampleTests" time="1.501"/>
  <testcase name="Area2Test6[27]" classname="com.example.project.ExampleTests" time="1.501"/>
  <testcase name="Area2Test6[28]" classname="com.example.project.ExampleTests" time="1.5"/>
  <testcase name="Area2Test6[29]" classname="com.example.project.ExampleTests" time="1.501"/>
  <testcase name="Area2Test6[30]" classname="com.example.project.ExampleTests" time="1.5"/>
  <testcase name="Area2Test6[31]" classname="com.example.project.ExampleTests" time="1.501"/>
  <testcase name="Area2Test6[32]" classname="com.example.project.ExampleTests" time="1.5"/>
  <testcase name="Area2Test6[33]" classname="com.example.project.ExampleTests" time="1.5"/>
  <testcase name="Area2Test6[34]" classname="com.example.project.ExampleTests" time="1.501"/>
  <testcase name="Area2Test6[35]" classname="com.example.project.ExampleTests" time="1.501"/>
  <testcase name="Area2Test6[36]" classname="com.example.project.ExampleTests" time="1.5"/>
  <testcase name="Area2Test6[37]" classname="com.example.project.ExampleTests" time="1.5"/>
  <testcase name="Area2Test6[38]" classname="com.example.project.ExampleTests" time="1.5"/>
  <testcase name="Area2Test6[39]" classname="com.example.project.ExampleTests" time="1.501"/>
  <testcase name="Area2Test6[40]" classname="com.example.project.ExampleTests" time="1.501"/>
  <testcase name="Area2Test6[41]" classname="com.example.project.ExampleTests" time="1.501"/>
  <testcase name="Area2Test6[42]" classname="com.example.project.ExampleTests" time="1.5"/>
  <testcase name="Area2Test6[43]" classname="com.example.project.ExampleTests" time="1.5"/>
  <testcase name="Area2Test6[44]" classname="com.example.project.ExampleTests" time="1.501"/>
  <testcase name="Area2Test6[45]" classname="com.example.project.ExampleTests" time="1.5"/>
  <testcase name="Area2Test6[46]" classname="com.example.project.ExampleTests" time="1.5"/>
  <testcase name="Area2Test6[47]" classname="com.example.project.ExampleTests" time="1.501"/>
  <testcase name="Area2Test6[48]" classname="com.example.project.ExampleTests" time="1.5"/>
  <testcase name="Area2Test6[49]" classname="com.example.project.ExampleTests" time="1.501"/>
  <testcase name="Area2Test6[50]" classname="com.example.project.ExampleTests" time="1.501"/>
  <testcase name="Area2Test6[51]" classname="com.example.project.ExampleTests" time="1.501"/>
  <testcase name="Area2Test6[52]" classname="com.example.project.ExampleTests" time="1.5"/>
  <testcase name="Area2Test6[53]" classname="com.example.project.ExampleTests" time="1.5"/>
  <testcase name="Area2Test6[54]" classname="com.example.project.ExampleTests" time="1.501"/>
  <testcase name="Area2Test6[55]" classname="com.example.project.ExampleTests" time="1.501"/>
  <testcase name="Area2Test6[56]" classname="com.example.project.ExampleTests" time="1.5"/>
  <testcase name="Area2Test6[57]" classname="com.example.project.ExampleTests" time="1.501"/>
  <testcase name="Area2Test6[58]" classname="com.example.project.ExampleTests" time="1.501"/>
  <testcase name="Area2Test6[59]" classname="com.example.project.ExampleTests" time="1.504"/>
  <testcase name="Area2Test6[60]" classname="com.example.project.ExampleTests" time="1.501"/>
  <testcase name="Area2Test6[61]" classname="com.example.project.ExampleTests" time="1.499"/>
  <testcase name="Area2Test6[62]" classname="com.example.project.ExampleTests" time="1.5"/>
  <testcase name="Area2Test6[63]" classname="com.example.project.ExampleTests" time="1.502"/>
  <testcase name="Area2Test6[64]" classname="com.example.project.ExampleTests" time="1.5"/>
  <testcase name="Area2Test6[65]" classname="com.example.project.ExampleTests" time="1.501"/>
  <testcase name="Area2Test6[66]" classname="com.example.project.ExampleTests" time="1.5"/>
  <testcase name="Area2Test6[67]" classname="com.example.project.ExampleTests" time="1.5"/>
  <testcase name="Area2Test6[68]" classname="com.example.project.ExampleTests" time="1.501"/>
  <testcase name="Area2Test6[69]" classname="com.example.project.ExampleTests" time="1.501"/>
  <testcase name="Area2Test6[70]" classname="com.example.project.ExampleTests" time="1.501"/>
  <testcase name="Area2Test6[71]" classname="com.example.project.ExampleTests" time="1.5"/>
  <testcase name="Area2Test6[72]" classname="com.example.project.ExampleTests" time="1.5"/>
  <testcase name="Area2Test6[73]" classname="com.example.project.ExampleTests" time="1.501"/>
  <testcase name="Area2Test6[74]" classname="com.example.project.ExampleTests" time="1.501"/>
  <testcase name="Area2Test6[75]" classname="com.example.project.ExampleTests" time="1.5"/>
  <testcase name="Area2Test6[76]" classname="com.example.project.ExampleTests" time="1.501"/>
  <testcase name="Area2Test6[77]" classname="com.example.project.ExampleTests" time="1.501"/>
  <testcase name="Area2Test6[78]" classname="com.example.project.ExampleTests" time="1.5"/>
  <testcase name="Area2Test6[79]" classname="com.example.project.ExampleTests" time="1.5"/>
  <testcase name="Area2Test6[80]" classname="com.example.project.ExampleTests" time="1.501"/>
  <testcase name="Area2Test6[81]" classname="com.example.project.ExampleTests" time="1.5"/>
  <testcase name="Area2Test6[82]" classname="com.example.project.ExampleTests" time="1.5"/>
  <testcase name="Area2Test6[83]" classname="com.example.project.ExampleTests" time="1.501"/>
  <testcase name="Area2Test6[84]" classname="com.example.project.ExampleTests" time="1.501"/>
  <testcase name="Area2Test6[85]" classname="com.example.project.ExampleTests" time="1.501"/>
  <testcase name="Area2Test6[86]" classname="com.example.project.ExampleTests" time="1.5"/>
  <testcase name="Area2Test6[87]" classname="com.example.project.ExampleTests" time="1.501"/>
  <testcase name="Area2Test6[88]" classname="com.example.project.ExampleTests" time="1.5"/>
  <testcase name="Area2Test6[89]" classname="com.example.project.ExampleTests" time="1.501"/>
  <testcase name="Area2Test6[90]" classname="com.example.project.ExampleTests" time="1.5"/>
  <testcase name="Area2Test6[91]" classname="com.example.project.ExampleTests" time="1.501"/>
  <testcase name="Area2Test6[92]" classname="com.example.project.ExampleTests" time="1.5"/>
  <testcase name="Area2Test6[93]" classname="com.example.project.ExampleTests" time="1.5"/>
  <testcase name="Area2Test6[94]" classname="com.example.project.ExampleTests" time="1.5"/>
  <testcase name="Area2Test6[95]" classname="com.example.project.ExampleTests" time="1.501"/>
  <testcase name="Area2Test6[96]" classname="com.example.project.ExampleTests" time="1.5"/>
  <testcase name="Area2Test6[97]" classname="com.example.project.ExampleTests" time="1.501"/>
  <testcase name="Area2Test6[98]" classname="com.example.project.ExampleTests" time="1.501"/>
  <testcase name="Area2Test6[99]" classname="com.example.project.ExampleTests" time="1.5"/>
  <testcase name="Area2Test6[100]" classname="com.example.project.ExampleTests" time="1.5"/>
  <testcase name="Area2Test6[101]" classname="com.example.project.ExampleTests" time="1.5"/>
  <testcase name="Area2Test6[102]" classname="com.example.project.ExampleTests" time="1.501"/>
  <testcase name="Area2Test6[103]" classname="com.example.project.ExampleTests" time="1.5"/>
  <testcase name="Area2Test6[104]" classname="com.example.project.ExampleTests" time="1.501"/>
  <testcase name="Area2Test6[105]" classname="com.example.project.ExampleTests" time="1.5"/>
  <testcase name="Area2Test6[106]" classname="com.example.project.ExampleTests" time="1.501"/>
  <testcase name="Area2Test6[107]" classname="com.example.project.ExampleTests" time="1.5"/>
  <testcase name="Area2Test6[108]" classname="com.example.project.ExampleTests" time="1.5"/>
  <testcase name="Area2Test6[109]" classname="com.example.project.ExampleTests" time="1.5"/>
  <testcase name="Area2Test6[110]" classname="com.example.project.ExampleTests" time="1.501"/>
  <testcase name="Area2Test6[111]" classname="com.example.project.ExampleTests" time="1.5"/>
  <testcase name="Area2Test6[112]" classname="com.example.project.ExampleTests" time="1.501"/>
  <testcase name="Area2Test6[113]" classname="com.example.project.ExampleTests" time="1.501"/>
  <testcase name="Area2Test6[114]" classname="com.example.project.ExampleTests" time="1.5"/>
  <testcase name="Area2Test6[115]" classname="com.example.project.ExampleTests" time="1.5"/>
  <testcase name="Area2Test6[116]" classname="com.example.project.ExampleTests" time="1.501"/>
  <testcase name="Area2Test6[117]" classname="com.example.project.ExampleTests" time="1.5"/>
  <testcase name="Area2Test6[118]" classname="com.example.project.ExampleTests" time="1.501"/>
  <testcase name="Area2Test6[119]" classname="com.example.project.ExampleTests" time="1.501"/>
  <testcase name="Area2Test6[120]" classname="com.example.project.ExampleTests" time="1.5"/>
  <testcase name="Area2Test6[121]" classname="com.example.project.ExampleTests" time="1.5"/>
  <testcase name="Area2Test6[122]" classname="com.example.project.ExampleTests" time="1.5"/>
  <testcase name="Area2Test6[123]" classname="com.example.project.ExampleTests" time="1.501"/>
  <testcase name="Area2Test6[124]" classname="com.example.project.ExampleTests" time="1.501"/>
  <testcase name="Area2Test6[125]" classname="com.example.project.ExampleTests" time="1.501"/>
  <testcase name="Area2Test6[126]" classname="com.example.project.ExampleTests" time="1.5"/>
  <testcase name="Area2Test6[127]" classname="com.example.project.ExampleTests" time="1.5"/>
  <testcase name="Area2Test6[128]" classname="com.example.project.ExampleTests" time="1.501"/>
  <testcase name="Area2Test6[129]" classname="com.example.project.ExampleTests" time="1.5"/>
  <testcase name="Area2Test6[130]" classname="com.example.project.ExampleTests" time="1.5"/>
  <testcase name="Area2Test6[131]" classname="com.example.project.ExampleTests" time="1.501"/>
  <testcase name="Area2Test6[132]" classname="com.example.project.ExampleTests" time="1.502"/>
  <testcase name="Area2Test6[133]" classname="com.example.project.ExampleTests" time="1.5"/>
  <testcase name="Area2Test6[134]" classname="com.example.project.ExampleTests" time="1.499"/>
  <testcase name="Area2Test6[135]" classname="com.example.project.ExampleTests" time="1.501"/>
  <testcase name="Area2Test6[136]" classname="com.example.project.ExampleTests" time="1.5"/>
  <testcase name="Area2Test6[137]" classname="com.example.project.ExampleTests" time="1.501"/>
  <testcase name="Area2Test6[138]" classname="com.example.project.ExampleTests" time="1.5"/>
  <testcase name="Area2Test6[139]" classname="com.example.project.ExampleTests" time="1.501"/>
  <testcase name="Area2Test6[140]" classname="com.example.project.ExampleTests" time="1.501"/>
  <testcase name="Area2Test6[141]" classname="com.example.project.ExampleTests" time="1.5"/>
  <testcase name="Area2Test6[142]" classname="com.example.project.ExampleTests" time="1.501"/>
  <testcase name="Area2Test6[143]" classname="com.example.project.ExampleTests" time="1.501"/>
  <testcase name="Area2Test6[144]" classname="com.example.project.ExampleTests" time="1.5"/>
  <testcase name="Area2Test6[145]" classname="com.example.project.ExampleTests" time="1.5"/>
  <testcase name="Area2Test6[146]" classname="com.example.project.ExampleTests" time="1.501"/>
  <testcase name="Area2Test6[147]" classname="com.example.project.ExampleTests" time="1.499"/>
  <testcase name="Area2Test6[148]" classname="com.example.project.ExampleTests" time="1.501"/>
  <testcase name="Area2Test6[149]" classname="com.example.project.ExampleTests" time="1.5"/>
  <testcase name="Area2Test6[150]" classname="com.example.project.ExampleTests" time="1.501"/>
  <testcase name="Area2Test6[151]" classname="com.example.project.ExampleTests" time="1.5"/>
  <testcase name="Area2Test6[152]" classname="com.example.project.ExampleTests" time="1.5"/>
  <testcase name="Area2Test6[153]" classname="com.example.project.ExampleTests" time="1.501"/>
  <testcase name="Area2Test6[154]" classname="com.example.project.ExampleTests" time="1.5"/>
  <testcase name="Area2Test6[155]" classname="com.example.project.ExampleTests" time="1.501"/>
  <testcase name="Area2Test6[156]" classname="com.example.project.ExampleTests" time="1.5"/>
  <testcase name="Area2Test6[157]" classname="com.example.project.ExampleTests" time="1.5"/>
  <testcase name="Area2Test6[158]" classname="com.example.project.ExampleTests" time="1.501"/>
  <testcase name="Area2Test6[159]" classname="com.example.project.ExampleTests" time="1.501"/>
  <testcase name="Area2Test6[160]" classname="com.example.project.ExampleTests" time="1.5"/>
  <testcase name="Area2Test6[161]" classname="com.example.project.ExampleTests" time="1.5"/>
  <testcase name="Area2Test6[162]" classname="com.example.project.ExampleTests" time="1.5"/>
  <testcase name="Area2Test6[163]" classname="com.example.project.ExampleTests" time="1.501"/>
  <testcase name="Area2Test6[164]" classname="com.example.project.ExampleTests" time="1.5"/>
  <testcase name="Area2Test6[165]" classname="com.example.project.ExampleTests" time="1.5"/>
  <testcase name="Area2Test6[166]" classname="com.example.project.ExampleTests" time="1.5"/>
  <testcase name="Area2Test6[167]" classname="com.example.project.ExampleTests" time="1.501"/>
  <testcase name="Area2Test6[168]" classname="com.example.project.ExampleTests" time="1.5"/>
  <testcase name="Area2Test6[169]" classname="com.example.project.ExampleTests" time="1.501"/>
  <testcase name="Area2Test6[170]" classname="com.example.project.ExampleTests" time="1.5"/>
  <testcase name="Area2Test6[171]" classname="com.example.project.ExampleTests" time="1.501"/>
  <testcase name="Area2Test6[172]" classname="com.example.project.ExampleTests" time="1.501"/>
  <testcase name="Area2Test6[173]" classname="com.example.project.ExampleTests" time="1.5"/>
  <testcase name="Area2Test6[174]" classname="com.example.project.ExampleTests" time="1.5"/>
  <testcase name="Area2Test6[175]" classname="com.example.project.ExampleTests" time="1.501"/>
  <testcase name="Area2Test6[176]" classname="com.example.project.ExampleTests" time="1.501"/>
  <testcase name="Area2Test6[177]" classname="com.example.project.ExampleTests" time="1.5"/>
  <testcase name="Area2Test6[178]" classname="com.example.project.ExampleTests" time="1.5"/>
  <testcase name="Area2Test6[179]" classname="com.example.project.ExampleTests" time="1.501"/>
  <testcase name="Area2Test6[180]" classname="com.example.project.ExampleTests" time="1.5"/>
  <testcase name="Area2Test6[181]" classname="com.example.project.ExampleTests" time="1.501"/>
  <testcase name="Area2Test6[182]" classname="com.example.project.ExampleTests" time="1.5"/>
  <testcase name="Area2Test6[183]" classname="com.example.project.ExampleTests" time="1.5"/>
  <testcase name="Area2Test6[184]" classname="com.example.project.ExampleTests" time="1.501"/>
  <testcase name="Area2Test6[185]" classname="com.example.project.ExampleTests" time="1.501"/>
  <testcase name="Area2Test6[186]" classname="com.example.project.ExampleTests" time="1.501"/>
  <testcase name="Area2Test6[187]" classname="com.example.project.ExampleTests" time="1.501"/>
  <testcase name="Area2Test6[188]" classname="com.example.project.ExampleTests" time="1.501"/>
  <testcase name="Area2Test6[189]" classname="com.example.project.ExampleTests" time="1.501"/>
  <testcase name="Area2Test6[190]" classname="com.example.project.ExampleTests" time="1.5"/>
  <testcase name="Area2Test6[191]" classname="com.example.project.ExampleTests" time="1.5"/>
  <testcase name="Area2Test6[192]" classname="com.example.project.ExampleTests" time="1.5"/>
  <testcase name="Area2Test6[193]" classname="com.example.project.ExampleTests" time="1.5"/>
  <testcase name="Area2Test6[194]" classname="com.example.project.ExampleTests" time="1.501"/>
  <testcase name="Area2Test6[195]" classname="com.example.project.ExampleTests" time="1.5"/>
  <testcase name="Area2Test6[196]" classname="com.example.project.ExampleTests" time="1.5"/>
  <testcase name="Area2Test6[197]" classname="com.example.project.ExampleTests" time="1.501"/>
  <testcase name="Area2Test6[198]" classname="com.example.project.ExampleTests" time="1.501"/>
  <testcase name="Area2Test6[199]" classname="com.example.project.ExampleTests" time="1.5"/>
  <testcase name="Area2Test6[200]" classname="com.example.project.ExampleTests" time="1.5"/>
  <testcase name="Area2Test6[201]" classname="com.example.project.ExampleTests" time="1.501"/>
  <testcase name="Area2Test6[202]" classname="com.example.project.ExampleTests" time="1.501"/>
  <testcase name="Area2Test6[203]" classname="com.example.project.ExampleTests" time="1.5"/>
  <testcase name="Area2Test6[204]" classname="com.example.project.ExampleTests" time="1.5"/>
  <testcase name="Area2Test6[205]" classname="com.example.project.ExampleTests" time="1.5"/>
  <testcase name="Area2Test6[206]" classname="com.example.project.ExampleTests" time="1.499"/>
  <testcase name="Area2Test6[207]" classname="com.example.project.ExampleTests" time="1.5"/>
  <testcase name="Area2Test6[208]" classname="com.example.project.ExampleTests" time="1.5"/>
  <testcase name="Area2Test6[209]" classname="com.example.project.ExampleTests" time="1.5"/>
  <testcase name="Area2Test6[210]" classname="com.example.project.ExampleTests" time="1.501"/>
  <testcase name="Area2Test6[211]" classname="com.example.project.ExampleTests" time="1.5"/>
  <testcase name="Area2Test6[212]" classname="com.example.project.ExampleTests" time="1.5"/>
  <testcase name="Area2Test6[213]" classname="com.example.project.ExampleTests" time="1.501"/>
  <testcase name="Area2Test6[214]" classname="com.example.project.ExampleTests" time="1.5"/>
  <testcase name="Area2Test6[215]" classname="com.example.project.ExampleTests" time="1.5"/>
  <testcase name="Area2Test6[216]" classname="com.example.project.ExampleTests" time="1.5"/>
  <testcase name="Area2Test6[217]" classname="com.example.project.ExampleTests" time="1.5"/>
  <testcase name="Area2Test6[218]" classname="com.example.project.ExampleTests" time="1.5"/>
  <testcase name="Area2Test6[219]" classname="com.example.project.ExampleTests" time="1.5"/>
  <testcase name="Area2Test6[220]" classname="com.example.project.ExampleTests" time="1.5"/>
  <testcase name="Area2Test6[221]" classname="com.example.project.ExampleTests" time="1.501"/>
  <testcase name="Area2Test6[222]" classname="com.example.project.ExampleTests" time="1.5"/>
  <testcase name="Area2Test6[223]" classname="com.example.project.ExampleTests" time="1.5"/>
  <testcase name="Area2Test6[224]" classname="com.example.project.ExampleTests" time="1.5"/>
  <testcase name="Area2Test6[225]" classname="com.example.project.ExampleTests" time="1.501"/>
  <testcase name="Area2Test6[226]" classname="com.example.project.ExampleTests" time="1.5"/>
  <testcase name="Area2Test6[227]" classname="com.example.project.ExampleTests" time="1.5"/>
  <testcase name="Area2Test6[228]" classname="com.example.project.ExampleTests" time="1.5"/>
  <testcase name="Area2Test6[229]" classname="com.example.project.ExampleTests" time="1.501"/>
  <testcase name="Area2Test6[230]" classname="com.example.project.ExampleTests" time="1.5"/>
  <testcase name="Area2Test6[231]" classname="com.example.project.ExampleTests" time="1.501"/>
  <testcase name="Area2Test6[232]" classname="com.example.project.ExampleTests" time="1.501"/>
  <testcase name="Area2Test6[233]" classname="com.example.project.ExampleTests" time="1.5"/>
  <testcase name="Area2Test6[234]" classname="com.example.project.ExampleTests" time="1.501"/>
  <testcase name="Area2Test6[235]" classname="com.example.project.ExampleTests" time="1.501"/>
  <testcase name="Area2Test6[236]" classname="com.example.project.ExampleTests" time="1.5"/>
  <testcase name="Area2Test6[237]" classname="com.example.project.ExampleTests" time="1.501"/>
  <testcase name="Area2Test6[238]" classname="com.example.project.ExampleTests" time="1.501"/>
  <testcase name="Area2Test6[239]" classname="com.example.project.ExampleTests" time="1.501"/>
  <testcase name="Area2Test6[240]" classname="com.example.project.ExampleTests" time="1.499"/>
  <testcase name="Area2Test6[241]" classname="com.example.project.ExampleTests" time="1.5"/>
  <testcase name="Area2Test6[242]" classname="com.example.project.ExampleTests" time="1.501"/>
  <testcase name="Area2Test6[243]" classname="com.example.project.ExampleTests" time="1.5"/>
  <testcase name="Area2Test6[244]" classname="com.example.project.ExampleTests" time="1.5"/>
  <testcase name="Area2Test6[245]" classname="com.example.project.ExampleTests" time="1.501"/>
  <testcase name="Area2Test6[246]" classname="com.example.project.ExampleTests" time="1.5"/>
  <testcase name="Area2Test6[247]" classname="com.example.project.ExampleTests" time="1.5"/>
  <testcase name="Area2Test6[248]" classname="com.example.project.ExampleTests" time="1.501"/>
  <testcase name="Area2Test6[249]" classname="com.example.project.ExampleTests" time="1.501"/>
  <testcase name="Area2Test6[250]" classname="com.example.project.ExampleTests" time="1.501"/>
  <testcase name="Area2Test6[251]" classname="com.example.project.ExampleTests" time="1.5"/>
  <testcase name="Area2Test6[252]" classname="com.example.project.ExampleTests" time="1.499"/>
  <testcase name="Area2Test6[253]" classname="com.example.project.ExampleTests" time="1.499"/>
  <testcase name="Area2Test6[254]" classname="com.example.project.ExampleTests" time="1.501"/>
  <testcase name="Area2Test6[255]" classname="com.example.project.ExampleTests" time="1.501"/>
  <testcase name="Area2Test6[256]" classname="com.example.project.ExampleTests" time="1.505"/>
  <testcase name="Area2Test6[257]" classname="com.example.project.ExampleTests" time="1.501"/>
  <testcase name="Area2Test6[258]" classname="com.example.project.ExampleTests" time="1.5"/>
  <testcase name="Area2Test6[259]" classname="com.example.project.ExampleTests" time="1.501"/>
  <testcase name="Area2Test6[260]" classname="com.example.project.ExampleTests" time="1.5"/>
  <testcase name="Area2Test6[261]" classname="com.example.project.ExampleTests" time="1.501"/>
  <testcase name="Area2Test6[262]" classname="com.example.project.ExampleTests" time="1.501"/>
  <testcase name="Area2Test6[263]" classname="com.example.project.ExampleTests" time="1.5"/>
  <testcase name="Area2Test6[264]" classname="com.example.project.ExampleTests" time="1.501"/>
  <testcase name="Area2Test6[265]" classname="com.example.project.ExampleTests" time="1.5"/>
  <testcase name="Area2Test6[266]" classname="com.example.project.ExampleTests" time="1.5"/>
  <testcase name="Area2Test6[267]" classname="com.example.project.ExampleTests" time="1.5"/>
  <testcase name="Area2Test6[268]" classname="com.example.project.ExampleTests" time="1.501"/>
  <testcase name="Area2Test6[269]" classname="com.example.project.ExampleTests" time="1.5"/>
  <testcase name="Area2Test6[270]" classname="com.example.project.ExampleTests" time="1.499"/>
  <testcase name="Area2Test6[271]" classname="com.example.project.ExampleTests" time="1.499"/>
  <testcase name="Area2Test6[272]" classname="com.example.project.ExampleTests" time="1.501"/>
  <testcase name="Area2Test6[273]" classname="com.example.project.ExampleTests" time="1.501"/>
  <testcase name="Area2Test6[274]" classname="com.example.project.ExampleTests" time="1.499"/>
  <testcase name="Area2Test6[275]" classname="com.example.project.ExampleTests" time="1.499"/>
  <testcase name="Area2Test6[276]" classname="com.example.project.ExampleTests" time="1.5"/>
  <testcase name="Area2Test6[277]" classname="com.example.project.ExampleTests" time="1.501"/>
  <testcase name="Area2Test6[278]" classname="com.example.project.ExampleTests" time="1.499"/>
  <testcase name="Area2Test6[279]" classname="com.example.project.ExampleTests" time="1.5"/>
  <testcase name="Area2Test6[280]" classname="com.example.project.ExampleTests" time="1.501"/>
  <testcase name="Area2Test6[281]" classname="com.example.project.ExampleTests" time="1.5"/>
  <testcase name="Area2Test6[282]" classname="com.example.project.ExampleTests" time="1.5"/>
  <testcase name="Area2Test6[283]" classname="com.example.project.ExampleTests" time="1.5"/>
  <testcase name="Area2Test6[284]" classname="com.example.project.ExampleTests" time="1.501"/>
  <testcase name="Area2Test6[285]" classname="com.example.project.ExampleTests" time="1.501"/>
  <testcase name="Area2Test6[286]" classname="com.example.project.ExampleTests" time="1.499"/>
  <testcase name="Area2Test6[287]" classname="com.example.project.ExampleTests" time="1.501"/>
  <testcase name="Area2Test6[288]" classname="com.example.project.ExampleTests" time="1.499"/>
  <testcase name="Area2Test6[289]" classname="com.example.project.ExampleTests" time="1.501"/>
  <testcase name="Area2Test6[290]" classname="com.example.project.ExampleTests" time="1.5"/>
  <testcase name="Area2Test6[291]" classname="com.example.project.ExampleTests" time="1.5"/>
  <testcase name="Area2Test6[292]" classname="com.example.project.ExampleTests" time="1.5"/>
  <testcase name="Area2Test6[293]" classname="com.example.project.ExampleTests" time="1.501"/>
  <testcase name="Area2Test6[294]" classname="com.example.project.ExampleTests" time="1.5"/>
  <testcase name="Area2Test6[295]" classname="com.example.project.ExampleTests" time="1.5"/>
  <testcase name="Area2Test6[296]" classname="com.example.project.ExampleTests" time="1.5"/>
  <testcase name="Area2Test6[297]" classname="com.example.project.ExampleTests" time="1.5"/>
  <testcase name="Area2Test6[298]" classname="com.example.project.ExampleTests" time="1.5"/>
  <testcase name="Area2Test6[299]" classname="com.example.project.ExampleTests" time="1.501"/>
  <testcase name="Area2Test6[300]" classname="com.example.project.ExampleTests" time="1.501"/>
  <testcase name="Area2Test6[301]" classname="com.example.project.ExampleTests" time="1.5"/>
  <testcase name="Area2Test6[302]" classname="com.example.project.ExampleTests" time="1.5"/>
  <testcase name="Area2Test6[303]" classname="com.example.project.ExampleTests" time="1.5"/>
  <testcase name="Area2Test6[304]" classname="com.example.project.ExampleTests" time="1.5"/>
  <testcase name="Area2Test6[305]" classname="com.example.project.ExampleTests" time="1.5"/>
  <testcase name="Area2Test6[306]" classname="com.example.project.ExampleTests" time="1.5"/>
  <testcase name="Area2Test6[307]" classname="com.example.project.ExampleTests" time="1.501"/>
  <testcase name="Area2Test6[308]" classname="com.example.project.ExampleTests" time="1.5"/>
  <testcase name="Area2Test6[309]" classname="com.example.project.ExampleTests" time="1.501"/>
  <testcase name="Area2Test6[310]" classname="com.example.project.ExampleTests" time="1.5"/>
  <testcase name="Area2Test6[311]" classname="com.example.project.ExampleTests" time="1.5"/>
  <testcase name="Area2Test6[312]" classname="com.example.project.ExampleTests" time="1.501"/>
  <testcase name="Area2Test6[313]" classname="com.example.project.ExampleTests" time="1.499"/>
  <testcase name="Area2Test6[314]" classname="com.example.project.ExampleTests" time="1.501"/>
  <testcase name="Area2Test6[315]" classname="com.example.project.ExampleTests" time="1.5"/>
  <testcase name="Area2Test6[316]" classname="com.example.project.ExampleTests" time="1.501"/>
  <testcase name="Area2Test6[317]" classname="com.example.project.ExampleTests" time="1.5"/>
  <testcase name="Area2Test6[318]" classname="com.example.project.ExampleTests" time="1.501"/>
  <testcase name="Area2Test6[319]" classname="com.example.project.ExampleTests" time="1.501"/>
  <testcase name="Area2Test6[320]" classname="com.example.project.ExampleTests" time="1.501"/>
  <testcase name="Area2Test6[321]" classname="com.example.project.ExampleTests" time="1.499"/>
  <testcase name="Area2Test6[322]" classname="com.example.project.ExampleTests" time="1.501"/>
  <testcase name="Area2Test6[323]" classname="com.example.project.ExampleTests" time="1.5"/>
  <testcase name="Area2Test6[324]" classname="com.example.project.ExampleTests" time="1.5"/>
  <testcase name="Area2Test6[325]" classname="com.example.project.ExampleTests" time="1.501"/>
  <testcase name="Area2Test6[326]" classname="com.example.project.ExampleTests" time="1.501"/>
  <testcase name="Area2Test6[327]" classname="com.example.project.ExampleTests" time="1.501"/>
  <testcase name="Area2Test6[328]" classname="com.example.project.ExampleTests" time="1.5"/>
  <testcase name="Area2Test6[329]" classname="com.example.project.ExampleTests" time="1.5"/>
  <testcase name="Area2Test6[330]" classname="com.example.project.ExampleTests" time="1.5"/>
  <testcase name="Area2Test6[331]" classname="com.example.project.ExampleTests" time="1.501"/>
  <testcase name="Area2Test6[332]" classname="com.example.project.ExampleTests" time="1.5"/>
  <testcase name="Area2Test6[333]" classname="com.example.project.ExampleTests" time="1.501"/>
  <testcase name="Area2Test6[334]" classname="com.example.project.ExampleTests" time="1.5"/>
  <testcase name="Area2Test6[335]" classname="com.example.project.ExampleTests" time="1.501"/>
  <testcase name="Area2Test6[336]" classname="com.example.project.ExampleTests" time="1.499"/>
  <testcase name="Area2Test6[337]" classname="com.example.project.ExampleTests" time="1.501"/>
  <testcase name="Area2Test6[338]" classname="com.example.project.ExampleTests" time="1.501"/>
  <testcase name="Area2Test6[339]" classname="com.example.project.ExampleTests" time="1.5"/>
  <testcase name="Area2Test6[340]" classname="com.example.project.ExampleTests" time="1.501"/>
  <testcase name="Area2Test6[341]" classname="com.example.project.ExampleTests" time="1.5"/>
  <testcase name="Area2Test6[342]" classname="com.example.project.ExampleTests" time="1.501"/>
  <testcase name="Area2Test6[343]" classname="com.example.project.ExampleTests" time="1.5"/>
  <testcase name="Area2Test6[344]" classname="com.example.project.ExampleTests" time="1.5"/>
  <testcase name="Area2Test6[345]" classname="com.example.project.ExampleTests" time="1.501"/>
  <testcase name="Area2Test6[346]" classname="com.example.project.ExampleTests" time="1.5"/>
  <testcase name="Area2Test6[347]" classname="com.example.project.ExampleTests" time="1.501"/>
  <testcase name="Area2Test6[348]" classname="com.example.project.ExampleTests" time="1.5"/>
  <testcase name="Area2Test6[349]" classname="com.example.project.ExampleTests" time="1.501"/>
  <testcase name="Area2Test6[350]" classname="com.example.project.ExampleTests" time="1.501"/>
</testsuite>